11:40:38.678 [main] INFO  Flipkart.LandingPage.LandingPage - Browser is initializing.
11:40:42.175 [main] INFO  FunctionalLibrary.FlipkartLandingPage - Autosuggestive popup is available.
11:40:42.175 [main] INFO  FunctionalLibrary.FlipkartLandingPage - Enterin the textSamsung Mobile
11:40:42.512 [main] INFO  FunctionalLibrary.FlipkartLandingPage - Samsung Mobile is selected.
11:40:47.531 [main] INFO  FunctionalLibrary.FlipkartLandingPage - ?10000 is Maximum price is selecting.
11:40:48.796 [main] INFO  FunctionalLibrary.FlipkartLandingPage -  is selecting.
11:40:49.156 [main] INFO  Actions.Flipkart_Actions - Trying to find element
11:40:49.814 [main] INFO  FunctionalLibrary.FlipkartLandingPage - PROCESSOR BRAND is Selecting
11:40:50.040 [main] INFO  Actions.Flipkart_Actions - Trying to find elementPROCESSOR BRAND
11:40:50.330 [main] INFO  FunctionalLibrary.FlipkartLandingPage - Snapdragon Is selecting.
11:40:50.369 [main] INFO  Actions.Flipkart_Actions - Trying to find elementSnapdragon
11:50:59.189 [main] INFO  Flipkart.LandingPage.LandingPage - Browser is initializing.
11:51:00.458 [main] INFO  FunctionalLibrary.FlipkartLandingPage - Autosuggestive popup is available.
11:51:00.458 [main] INFO  FunctionalLibrary.FlipkartLandingPage - Enterin the textSamsung Mobile
11:51:00.921 [main] INFO  FunctionalLibrary.FlipkartLandingPage - Samsung Mobile is selected.
11:51:02.960 [main] INFO  FunctionalLibrary.FlipkartLandingPage - ?10000 is Maximum price is selecting.
11:51:04.154 [main] INFO  FunctionalLibrary.FlipkartLandingPage - 2 GB is selecting.
11:51:04.175 [main] INFO  Actions.Flipkart_Actions - Trying to find element2 GB
11:51:04.962 [main] INFO  FunctionalLibrary.FlipkartLandingPage - PROCESSOR BRAND is Selecting
11:51:04.991 [main] INFO  Actions.Flipkart_Actions - Trying to find elementPROCESSOR BRAND
11:51:05.492 [main] INFO  FunctionalLibrary.FlipkartLandingPage - Snapdragon Is selecting.
11:51:05.526 [main] INFO  Actions.Flipkart_Actions - Trying to find elementSnapdragon
11:52:30.265 [main] INFO  Flipkart.LandingPage.LandingPage - Browser is initializing.
11:52:30.500 [main] INFO  FunctionalLibrary.FlipkartLandingPage - Autosuggestive popup is available.
11:52:30.501 [main] INFO  FunctionalLibrary.FlipkartLandingPage - Enterin the textSamsung Mobile
11:52:30.791 [main] INFO  FunctionalLibrary.FlipkartLandingPage - Samsung Mobile is selected.
11:52:33.267 [main] INFO  FunctionalLibrary.FlipkartLandingPage - ?10000 is Maximum price is selecting.
11:52:34.251 [main] INFO  FunctionalLibrary.FlipkartLandingPage - 2 GB is selecting.
11:52:34.277 [main] INFO  Actions.Flipkart_Actions - Trying to find element2 GB
11:52:34.985 [main] INFO  FunctionalLibrary.FlipkartLandingPage - PROCESSOR BRAND is Selecting
11:52:35.019 [main] INFO  Actions.Flipkart_Actions - Trying to find elementPROCESSOR BRAND
11:52:35.325 [main] INFO  FunctionalLibrary.FlipkartLandingPage - Snapdragon Is selecting.
11:52:35.358 [main] INFO  Actions.Flipkart_Actions - Trying to find elementSnapdragon
12:05:51.993 [main] INFO  Flipkart.LandingPage.LandingPage - Browser is initializing.
12:05:56.115 [main] INFO  FunctionalLibrary.FlipkartLandingPage - Autosuggestive popup is available.
12:05:56.116 [main] INFO  FunctionalLibrary.FlipkartLandingPage - Enterin the textSamsung Mobile
12:05:56.901 [main] INFO  FunctionalLibrary.FlipkartLandingPage - Samsung Mobile is selected.
12:05:59.312 [main] INFO  FunctionalLibrary.FlipkartLandingPage - ?10000 is Maximum price is selecting.
12:06:00.016 [main] INFO  FunctionalLibrary.FlipkartLandingPage - 2 GB is selecting.
12:06:00.046 [main] INFO  Actions.Flipkart_Actions - Trying to find element2 GB
12:06:00.634 [main] INFO  FunctionalLibrary.FlipkartLandingPage - PROCESSOR BRAND is Selecting
12:06:00.667 [main] INFO  Actions.Flipkart_Actions - Trying to find elementPROCESSOR BRAND
12:06:01.082 [main] INFO  FunctionalLibrary.FlipkartLandingPage - Snapdragon Is selecting.
12:06:01.115 [main] INFO  Actions.Flipkart_Actions - Trying to find elementSnapdragon
12:08:34.672 [main] INFO  Flipkart.LandingPage.LandingPage - Browser is initializing.
12:08:35.130 [main] INFO  FunctionalLibrary.FlipkartLandingPage - Autosuggestive popup is available.
12:08:35.131 [main] INFO  FunctionalLibrary.FlipkartLandingPage - Enterin the textSamsung Mobile
12:08:35.391 [main] INFO  FunctionalLibrary.FlipkartLandingPage - Samsung Mobile is selected.
12:08:37.726 [main] INFO  FunctionalLibrary.FlipkartLandingPage - ?10000 is Maximum price is selecting.
12:08:39.557 [main] INFO  FunctionalLibrary.FlipkartLandingPage - 1 GB is selecting.
12:08:39.601 [main] INFO  Actions.Flipkart_Actions - Trying to find element2 GB
12:08:40.151 [main] INFO  FunctionalLibrary.FlipkartLandingPage - PROCESSOR BRAND is Selecting
12:08:40.203 [main] INFO  Actions.Flipkart_Actions - Trying to find elementPROCESSOR BRAND
12:08:40.866 [main] INFO  FunctionalLibrary.FlipkartLandingPage - Snapdragon Is selecting.
12:08:40.902 [main] INFO  Actions.Flipkart_Actions - Trying to find elementSnapdragon
12:09:06.899 [main] INFO  Flipkart.LandingPage.LandingPage - Browser is initializing.
12:09:07.138 [main] INFO  FunctionalLibrary.FlipkartLandingPage - Autosuggestive popup is available.
12:09:07.138 [main] INFO  FunctionalLibrary.FlipkartLandingPage - Enterin the textSamsung Mobile
12:09:07.393 [main] INFO  FunctionalLibrary.FlipkartLandingPage - Samsung Mobile is selected.
12:09:08.743 [main] INFO  FunctionalLibrary.FlipkartLandingPage - ?10000 is Maximum price is selecting.
12:09:09.672 [main] INFO  FunctionalLibrary.FlipkartLandingPage - 2 GB is selecting.
12:09:09.699 [main] INFO  Actions.Flipkart_Actions - Trying to find element2 GB
12:09:10.240 [main] INFO  FunctionalLibrary.FlipkartLandingPage - PROCESSOR BRAND is Selecting
12:09:10.273 [main] INFO  Actions.Flipkart_Actions - Trying to find elementPROCESSOR BRAND
12:09:10.976 [main] INFO  FunctionalLibrary.FlipkartLandingPage - Snapdragon Is selecting.
12:09:11.060 [main] INFO  Actions.Flipkart_Actions - Trying to find elementSnapdragon
12:09:41.818 [main] INFO  Flipkart.LandingPage.LandingPage - Browser is initializing.
12:09:42.413 [main] INFO  FunctionalLibrary.FlipkartLandingPage - Autosuggestive popup is available.
12:09:42.414 [main] INFO  FunctionalLibrary.FlipkartLandingPage - Enterin the textSamsung Mobile
12:09:43.378 [main] INFO  FunctionalLibrary.FlipkartLandingPage - Samsung Mobile is selected.
12:09:45.315 [main] INFO  FunctionalLibrary.FlipkartLandingPage - ?10000 is Maximum price is selecting.
12:09:47.001 [main] INFO  FunctionalLibrary.FlipkartLandingPage - 2 GB is selecting.
12:09:47.036 [main] INFO  Actions.Flipkart_Actions - Trying to find element2 GB
12:09:47.775 [main] INFO  FunctionalLibrary.FlipkartLandingPage - PROCESSOR BRAND is Selecting
12:09:47.799 [main] INFO  Actions.Flipkart_Actions - Trying to find elementPROCESSOR BRAND
12:09:48.367 [main] INFO  FunctionalLibrary.FlipkartLandingPage - Snapdragon Is selecting.
12:09:48.410 [main] INFO  Actions.Flipkart_Actions - Trying to find elementSnapdragon
12:18:46.374 [main] INFO  Flipkart.LandingPage.LandingPage - Browser is initializing.
12:18:47.003 [main] INFO  FunctionalLibrary.FlipkartLandingPage - Autosuggestive popup is available.
12:18:47.003 [main] INFO  FunctionalLibrary.FlipkartLandingPage - Enterin the textSamsung Mobile
12:18:47.278 [main] INFO  FunctionalLibrary.FlipkartLandingPage - Samsung Mobile is selected.
12:18:51.117 [main] INFO  FunctionalLibrary.FlipkartLandingPage - ?10000 is Maximum price is selecting.
12:18:52.368 [main] INFO  FunctionalLibrary.FlipkartLandingPage - 2 GB is selecting.
12:18:52.404 [main] INFO  Actions.Flipkart_Actions - Trying to find element2 GB
12:18:53.551 [main] INFO  FunctionalLibrary.FlipkartLandingPage - PROCESSOR BRAND is Selecting
12:18:53.626 [main] INFO  Actions.Flipkart_Actions - Trying to find elementPROCESSOR BRAND
12:18:54.125 [main] INFO  FunctionalLibrary.FlipkartLandingPage - Snapdragon Is selecting.
12:18:54.163 [main] INFO  Actions.Flipkart_Actions - Trying to find elementSnapdragon
12:37:52.180 [main] INFO  Flipkart.LandingPage.LandingPage - Browser is initializing.
12:37:56.016 [main] INFO  FunctionalLibrary.FlipkartLandingPage - Autosuggestive popup is available.
12:37:56.016 [main] INFO  FunctionalLibrary.FlipkartLandingPage - Enterin the textSamsung Mobile
12:37:56.750 [main] INFO  FunctionalLibrary.FlipkartLandingPage - Samsung Mobile is selected.
12:37:58.620 [main] INFO  FunctionalLibrary.FlipkartLandingPage - ?10000 is Maximum price is selecting.
12:37:59.629 [main] INFO  FunctionalLibrary.FlipkartLandingPage - 2 GB is selecting.
12:37:59.680 [main] INFO  Actions.Flipkart_Actions - Trying to find element2 GB
12:38:01.107 [main] INFO  FunctionalLibrary.FlipkartLandingPage - PROCESSOR BRAND is Selecting
12:38:01.147 [main] INFO  Actions.Flipkart_Actions - Trying to find elementPROCESSOR BRAND
12:38:01.774 [main] INFO  FunctionalLibrary.FlipkartLandingPage - Snapdragon Is selecting.
12:38:01.809 [main] INFO  Actions.Flipkart_Actions - Trying to find elementSnapdragon
12:52:11.589 [main] INFO  Flipkart.LandingPage.LandingPage - Browser is initializing.
12:52:13.874 [main] INFO  FunctionalLibrary.FlipkartLandingPage - Autosuggestive popup is available.
12:52:13.874 [main] INFO  FunctionalLibrary.FlipkartLandingPage - Enterin the textSamsung Mobile
12:52:14.567 [main] INFO  FunctionalLibrary.FlipkartLandingPage - Samsung Mobile is selected.
12:52:17.353 [main] INFO  FunctionalLibrary.FlipkartLandingPage - ?10000 is Maximum price is selecting.
12:52:18.798 [main] INFO  FunctionalLibrary.FlipkartLandingPage - 2 GB is selecting.
12:52:19.033 [main] INFO  Actions.Flipkart_Actions - Trying to find element2 GB
12:52:20.052 [main] INFO  FunctionalLibrary.FlipkartLandingPage - PROCESSOR BRAND is Selecting
12:52:20.087 [main] INFO  Actions.Flipkart_Actions - Trying to find elementPROCESSOR BRAND
12:52:20.577 [main] INFO  FunctionalLibrary.FlipkartLandingPage - Snapdragon Is selecting.
12:52:20.644 [main] INFO  Actions.Flipkart_Actions - Trying to find elementSnapdragon
13:04:43.481 [main] INFO  Flipkart.LandingPage.LandingPage - Browser is initializing.
13:05:05.458 [main] INFO  FunctionalLibrary.FlipkartLandingPage - Autosuggestive popup is available.
13:05:05.459 [main] INFO  FunctionalLibrary.FlipkartLandingPage - Enterin the textSamsung Mobile
13:05:07.838 [main] INFO  FunctionalLibrary.FlipkartLandingPage - Samsung Mobile is selected.
13:05:15.745 [main] INFO  FunctionalLibrary.FlipkartLandingPage - ?10000 is Maximum price is selecting.
13:05:16.762 [main] INFO  FunctionalLibrary.FlipkartLandingPage - 2 GB is selecting.
13:05:16.798 [main] INFO  Actions.Flipkart_Actions - Trying to find element2 GB
13:05:17.691 [main] INFO  FunctionalLibrary.FlipkartLandingPage - PROCESSOR BRAND is Selecting
13:05:17.737 [main] INFO  Actions.Flipkart_Actions - Trying to find elementPROCESSOR BRAND
13:05:18.151 [main] INFO  FunctionalLibrary.FlipkartLandingPage - Snapdragon Is selecting.
13:05:18.226 [main] INFO  Actions.Flipkart_Actions - Trying to find elementSnapdragon
14:09:40.744 [main] INFO  Flipkart.LandingPage.LandingPageTest - Browser is initializing.
14:09:41.963 [main] INFO  FunctionalLibrary.FlipkartLandingPage - Autosuggestive popup is available.
14:09:41.963 [main] INFO  FunctionalLibrary.FlipkartLandingPage - Enterin the textSamsung Mobile
14:09:42.329 [main] INFO  FunctionalLibrary.FlipkartLandingPage - Samsung Mobile is selected.
14:09:46.215 [main] INFO  FunctionalLibrary.FlipkartLandingPage - ?10000 is Maximum price is selecting.
14:09:47.721 [main] INFO  FunctionalLibrary.FlipkartLandingPage - 2 GB is selecting.
14:09:47.749 [main] INFO  Actions.Flipkart_Actions - Trying to find element2 GB
14:09:48.382 [main] INFO  FunctionalLibrary.FlipkartLandingPage - PROCESSOR BRAND is Selecting
14:09:48.622 [main] INFO  Actions.Flipkart_Actions - Trying to find elementPROCESSOR BRAND
14:09:49.059 [main] INFO  FunctionalLibrary.FlipkartLandingPage - Snapdragon Is selecting.
14:09:49.249 [main] INFO  Actions.Flipkart_Actions - Trying to find elementSnapdragon
15:18:02.143 [main] INFO  Flipkart.LandingPage.LandingPageTest - Browser is initializing.
15:18:17.669 [main] INFO  FunctionalLibrary.FlipkartLandingPage - Autosuggestive popup is available.
15:18:17.670 [main] INFO  FunctionalLibrary.FlipkartLandingPage - Enterin the textSamsung Mobile
15:18:17.975 [main] INFO  FunctionalLibrary.FlipkartLandingPage - Samsung Mobile is selected.
15:18:19.692 [main] INFO  FunctionalLibrary.FlipkartLandingPage - ?10000 is Maximum price is selecting.
15:18:20.619 [main] INFO  FunctionalLibrary.FlipkartLandingPage - 2 GB is selecting.
15:18:20.870 [main] INFO  Actions.Flipkart_Actions - Trying to find element2 GB
15:18:21.202 [main] INFO  FunctionalLibrary.FlipkartLandingPage - PROCESSOR BRAND is Selecting
15:18:21.234 [main] INFO  Actions.Flipkart_Actions - Trying to find elementPROCESSOR BRAND
15:18:22.054 [main] INFO  FunctionalLibrary.FlipkartLandingPage - Snapdragon Is selecting.
15:18:22.085 [main] INFO  Actions.Flipkart_Actions - Trying to find elementSnapdragon
10:23:42.909 [main] INFO  LandingPage.LandingPageTest - Browser is initializing.
10:23:43.573 [main] INFO  FunctionalLibrary.FlipkartLandingPage - Autosuggestive popup is available.
10:23:43.573 [main] INFO  FunctionalLibrary.FlipkartLandingPage - Enterin the textSamsung Mobile
10:23:43.972 [main] INFO  FunctionalLibrary.FlipkartLandingPage - Samsung Mobile is selected.
10:23:45.996 [main] INFO  FunctionalLibrary.FlipkartLandingPage - ?10000 is Maximum price is selecting.
10:23:46.706 [main] INFO  FunctionalLibrary.FlipkartLandingPage - 2 GB is selecting.
10:23:46.731 [main] INFO  Actions.Flipkart_Actions - Trying to find element2 GB
10:23:47.302 [main] INFO  FunctionalLibrary.FlipkartLandingPage - PROCESSOR BRAND is Selecting
10:23:47.332 [main] INFO  Actions.Flipkart_Actions - Trying to find elementPROCESSOR BRAND
10:23:47.696 [main] INFO  FunctionalLibrary.FlipkartLandingPage - Snapdragon Is selecting.
10:23:47.732 [main] INFO  Actions.Flipkart_Actions - Trying to find elementSnapdragon
10:26:56.875 [main] INFO  LandingPage.LandingPageTest - Browser is initializing.
10:26:57.189 [main] INFO  FunctionalLibrary.FlipkartLandingPage - Autosuggestive popup is available.
10:26:57.190 [main] INFO  FunctionalLibrary.FlipkartLandingPage - Enterin the textSamsung Mobile
10:26:57.492 [main] INFO  FunctionalLibrary.FlipkartLandingPage - Samsung Mobile is selected.
10:26:59.207 [main] INFO  FunctionalLibrary.FlipkartLandingPage - ?10000 is Maximum price is selecting.
10:26:59.902 [main] INFO  FunctionalLibrary.FlipkartLandingPage - 2 GB is selecting.
10:27:00.190 [main] INFO  Actions.Flipkart_Actions - Trying to find element2 GB
10:27:00.532 [main] INFO  FunctionalLibrary.FlipkartLandingPage - PROCESSOR BRAND is Selecting
10:27:00.565 [main] INFO  Actions.Flipkart_Actions - Trying to find elementPROCESSOR BRAND
10:27:01.120 [main] INFO  FunctionalLibrary.FlipkartLandingPage - Snapdragon Is selecting.
10:27:01.146 [main] INFO  Actions.Flipkart_Actions - Trying to find elementSnapdragon
10:34:27.772 [main] INFO  LandingPage.LandingPageTest - Browser is initializing.
10:34:28.102 [main] INFO  FunctionalLibrary.FlipkartLandingPage - Autosuggestive popup is available.
10:34:28.102 [main] INFO  FunctionalLibrary.FlipkartLandingPage - Enterin the textSamsung Mobile
10:34:28.367 [main] INFO  FunctionalLibrary.FlipkartLandingPage - Samsung Mobile is selected.
10:34:30.135 [main] INFO  FunctionalLibrary.FlipkartLandingPage - ?10000 is Maximum price is selecting.
10:34:30.992 [main] INFO  FunctionalLibrary.FlipkartLandingPage - 1 GB is selecting.
10:34:31.064 [main] INFO  Actions.Flipkart_Actions - Trying to find element2 GB
10:34:31.559 [main] INFO  FunctionalLibrary.FlipkartLandingPage - PROCESSOR BRAND is Selecting
10:34:31.589 [main] INFO  Actions.Flipkart_Actions - Trying to find elementPROCESSOR BRAND
10:34:31.994 [main] INFO  FunctionalLibrary.FlipkartLandingPage - Snapdragon Is selecting.
10:34:32.041 [main] INFO  Actions.Flipkart_Actions - Trying to find elementSnapdragon
10:37:46.961 [main] INFO  LandingPage.LandingPageTest - Browser is initializing.
10:37:47.956 [main] INFO  FunctionalLibrary.FlipkartLandingPage - Autosuggestive popup is available.
10:37:47.957 [main] INFO  FunctionalLibrary.FlipkartLandingPage - Enterin the textSamsung Mobile
10:37:48.332 [main] INFO  FunctionalLibrary.FlipkartLandingPage - Samsung Mobile is selected.
10:37:49.864 [main] INFO  FunctionalLibrary.FlipkartLandingPage - ?10000 is Maximum price is selecting.
10:37:50.623 [main] INFO  FunctionalLibrary.FlipkartLandingPage - 2 GB is selecting.
10:37:50.891 [main] INFO  Actions.Flipkart_Actions - Trying to find element2 GB
10:37:51.194 [main] INFO  FunctionalLibrary.FlipkartLandingPage - PROCESSOR BRAND is Selecting
10:37:51.495 [main] INFO  Actions.Flipkart_Actions - Trying to find elementPROCESSOR BRAND
10:37:51.761 [main] INFO  FunctionalLibrary.FlipkartLandingPage - Snapdragon Is selecting.
10:37:51.789 [main] INFO  Actions.Flipkart_Actions - Trying to find elementSnapdragon
10:40:24.356 [main] INFO  LandingPage.LandingPageTest - Browser is initializing.
10:40:24.706 [main] INFO  FunctionalLibrary.FlipkartLandingPage - Autosuggestive popup is available.
10:40:24.706 [main] INFO  FunctionalLibrary.FlipkartLandingPage - Enterin the textSamsung Mobile
10:40:25.381 [main] INFO  FunctionalLibrary.FlipkartLandingPage - Samsung Mobile is selected.
10:40:27.118 [main] INFO  FunctionalLibrary.FlipkartLandingPage - ?10000 is Maximum price is selecting.
10:40:27.700 [main] INFO  FunctionalLibrary.FlipkartLandingPage - 2 GB is selecting.
10:40:27.768 [main] INFO  Actions.Flipkart_Actions - Trying to find element2 GB
10:40:28.410 [main] INFO  FunctionalLibrary.FlipkartLandingPage - PROCESSOR BRAND is Selecting
10:40:28.439 [main] INFO  Actions.Flipkart_Actions - Trying to find elementPROCESSOR BRAND
10:40:28.897 [main] INFO  FunctionalLibrary.FlipkartLandingPage - Snapdragon Is selecting.
10:40:28.928 [main] INFO  Actions.Flipkart_Actions - Trying to find elementSnapdragon
10:42:09.088 [main] INFO  LandingPage.LandingPageTest - Browser is initializing.
10:42:10.351 [main] INFO  FunctionalLibrary.FlipkartLandingPage - Autosuggestive popup is available.
10:42:10.351 [main] INFO  FunctionalLibrary.FlipkartLandingPage - Enterin the textSamsung Mobile
10:42:10.780 [main] INFO  FunctionalLibrary.FlipkartLandingPage - Samsung Mobile is selected.
10:42:12.678 [main] INFO  FunctionalLibrary.FlipkartLandingPage - ?10000 is Maximum price is selecting.
10:42:13.990 [main] INFO  FunctionalLibrary.FlipkartLandingPage - 1 GB is selecting.
10:42:14.016 [main] INFO  Actions.Flipkart_Actions - Trying to find element2 GB
10:42:14.336 [main] INFO  FunctionalLibrary.FlipkartLandingPage - PROCESSOR BRAND is Selecting
10:42:14.366 [main] INFO  Actions.Flipkart_Actions - Trying to find elementPROCESSOR BRAND
10:42:14.747 [main] INFO  FunctionalLibrary.FlipkartLandingPage - Snapdragon Is selecting.
10:42:14.773 [main] INFO  Actions.Flipkart_Actions - Trying to find elementSnapdragon
10:45:09.851 [main] INFO  LandingPage.LandingPageTest - Browser is initializing.
10:45:10.202 [main] INFO  FunctionalLibrary.FlipkartLandingPage - Autosuggestive popup is available.
10:45:10.203 [main] INFO  FunctionalLibrary.FlipkartLandingPage - Enterin the textSamsung Mobile
10:45:12.801 [main] INFO  FunctionalLibrary.FlipkartLandingPage - Samsung Mobile is selected.
10:45:15.141 [main] INFO  FunctionalLibrary.FlipkartLandingPage - ?10000 is Maximum price is selecting.
10:45:16.097 [main] INFO  FunctionalLibrary.FlipkartLandingPage - 2 GB is selecting.
10:45:16.130 [main] INFO  Actions.Flipkart_Actions - Trying to find element2 GB
10:45:16.425 [main] INFO  FunctionalLibrary.FlipkartLandingPage - PROCESSOR BRAND is Selecting
10:45:16.457 [main] INFO  Actions.Flipkart_Actions - Trying to find elementPROCESSOR BRAND
10:45:16.879 [main] INFO  FunctionalLibrary.FlipkartLandingPage - Snapdragon Is selecting.
10:45:16.902 [main] INFO  Actions.Flipkart_Actions - Trying to find elementSnapdragon
10:46:33.783 [main] INFO  LandingPage.LandingPageTest - Browser is initializing.
09:33:58.857 [main] INFO  LandingPage.LandingPageTest - Browser is initializing.
09:33:59.247 [main] INFO  FunctionalLibrary.FlipkartLandingPage - Autosuggestive popup is available.
09:33:59.248 [main] INFO  FunctionalLibrary.FlipkartLandingPage - Enterin the textSamsung Mobile
09:33:59.638 [main] INFO  FunctionalLibrary.FlipkartLandingPage - Samsung Mobile is selected.
09:34:02.058 [main] INFO  FunctionalLibrary.FlipkartLandingPage - ?10000 is Maximum price is selecting.
09:34:02.876 [main] INFO  FunctionalLibrary.FlipkartLandingPage - 2 GB is selecting.
09:34:02.908 [main] INFO  Actions.Flipkart_Actions - Trying to find element2 GB
09:34:03.808 [main] INFO  FunctionalLibrary.FlipkartLandingPage - PROCESSOR BRAND is Selecting
09:34:03.989 [main] INFO  Actions.Flipkart_Actions - Trying to find elementPROCESSOR BRAND
09:34:04.303 [main] INFO  FunctionalLibrary.FlipkartLandingPage - Snapdragon Is selecting.
09:34:04.337 [main] INFO  Actions.Flipkart_Actions - Trying to find elementSnapdragon
10:11:15.683 [main] INFO  LandingPage.LandingPageTest - Browser is initializing.
10:11:17.785 [main] INFO  FunctionalLibrary.FlipkartLandingPage - Autosuggestive popup is available.
10:11:17.785 [main] INFO  FunctionalLibrary.FlipkartLandingPage - Enterin the textSamsung Mobile
10:11:18.114 [main] INFO  FunctionalLibrary.FlipkartLandingPage - Samsung Mobile is selected.
10:11:20.123 [main] INFO  FunctionalLibrary.FlipkartLandingPage - ?10000 is Maximum price is selecting.
10:11:20.740 [main] INFO  FunctionalLibrary.FlipkartLandingPage - 2 GB is selecting.
10:11:20.880 [main] INFO  Actions.Flipkart_Actions - Trying to find element2 GB
10:11:21.608 [main] INFO  FunctionalLibrary.FlipkartLandingPage - PROCESSOR BRAND is Selecting
10:11:21.647 [main] INFO  Actions.Flipkart_Actions - Trying to find elementPROCESSOR BRAND
10:11:21.959 [main] INFO  FunctionalLibrary.FlipkartLandingPage - Snapdragon Is selecting.
10:11:21.994 [main] INFO  Actions.Flipkart_Actions - Trying to find elementSnapdragon
10:15:14.250 [main] INFO  LandingPage.LandingPageTest - Browser is initializing.
10:15:14.832 [main] INFO  FunctionalLibrary.FlipkartLandingPage - Autosuggestive popup is available.
10:15:14.833 [main] INFO  FunctionalLibrary.FlipkartLandingPage - Enterin the textSamsung Mobile
10:15:15.082 [main] INFO  FunctionalLibrary.FlipkartLandingPage - Samsung Mobile is selected.
10:15:17.544 [main] INFO  FunctionalLibrary.FlipkartLandingPage - ?10000 is Maximum price is selecting.
10:15:18.011 [main] INFO  FunctionalLibrary.FlipkartLandingPage - 2 GB is selecting.
10:15:18.035 [main] INFO  Actions.Flipkart_Actions - Trying to find element2 GB
10:15:19.193 [main] INFO  FunctionalLibrary.FlipkartLandingPage - PROCESSOR BRAND is Selecting
10:15:19.228 [main] INFO  Actions.Flipkart_Actions - Trying to find elementPROCESSOR BRAND
10:15:20.006 [main] INFO  FunctionalLibrary.FlipkartLandingPage - Snapdragon Is selecting.
10:15:20.032 [main] INFO  Actions.Flipkart_Actions - Trying to find elementSnapdragon
10:22:44.243 [main] INFO  LandingPage.LandingPageTest - Browser is initializing.
10:22:44.799 [main] INFO  FunctionalLibrary.FlipkartLandingPage - Autosuggestive popup is available.
10:22:44.799 [main] INFO  FunctionalLibrary.FlipkartLandingPage - Enterin the textSamsung Mobile
10:22:45.178 [main] INFO  FunctionalLibrary.FlipkartLandingPage - Samsung Mobile is selected.
10:22:46.665 [main] INFO  FunctionalLibrary.FlipkartLandingPage - ?10000 is Maximum price is selecting.
10:22:47.254 [main] INFO  FunctionalLibrary.FlipkartLandingPage -  is selecting.
10:22:47.455 [main] INFO  Actions.Flipkart_Actions - Trying to find element
10:22:47.782 [main] INFO  FunctionalLibrary.FlipkartLandingPage - PROCESSOR BRAND is Selecting
10:22:47.811 [main] INFO  Actions.Flipkart_Actions - Trying to find elementPROCESSOR BRAND
10:22:48.398 [main] INFO  FunctionalLibrary.FlipkartLandingPage - Snapdragon Is selecting.
10:22:48.432 [main] INFO  Actions.Flipkart_Actions - Trying to find elementSnapdragon
10:33:46.189 [main] INFO  LandingPage.LandingPageTest - Browser is initializing.
10:33:46.679 [main] INFO  FunctionalLibrary.FlipkartLandingPage - Autosuggestive popup is available.
10:33:46.680 [main] INFO  FunctionalLibrary.FlipkartLandingPage - Enterin the textSamsung Mobile
10:33:47.025 [main] INFO  FunctionalLibrary.FlipkartLandingPage - Samsung Mobile is selected.
10:33:48.611 [main] INFO  FunctionalLibrary.FlipkartLandingPage - ?10000 is Maximum price is selecting.
10:33:49.434 [main] INFO  FunctionalLibrary.FlipkartLandingPage -  is selecting.
10:33:49.467 [main] INFO  Actions.Flipkart_Actions - Trying to find element
10:33:49.978 [main] INFO  FunctionalLibrary.FlipkartLandingPage - PROCESSOR BRAND is Selecting
10:33:50.017 [main] INFO  Actions.Flipkart_Actions - Trying to find elementPROCESSOR BRAND
10:33:50.424 [main] INFO  FunctionalLibrary.FlipkartLandingPage - Snapdragon Is selecting.
10:33:50.451 [main] INFO  Actions.Flipkart_Actions - Trying to find elementSnapdragon
10:36:42.692 [main] INFO  LandingPage.LandingPageTest - Browser is initializing.
10:36:43.206 [main] INFO  FunctionalLibrary.FlipkartLandingPage - Autosuggestive popup is available.
10:36:43.207 [main] INFO  FunctionalLibrary.FlipkartLandingPage - Enterin the textSamsung Mobile
10:36:43.442 [main] INFO  FunctionalLibrary.FlipkartLandingPage - Samsung Mobile is selected.
10:36:45.139 [main] INFO  FunctionalLibrary.FlipkartLandingPage - ?10000 is Maximum price is selecting.
10:36:45.794 [main] INFO  FunctionalLibrary.FlipkartLandingPage -  is selecting.
10:36:45.818 [main] INFO  Actions.Flipkart_Actions - Trying to find element
10:36:46.499 [main] INFO  FunctionalLibrary.FlipkartLandingPage - PROCESSOR BRAND is Selecting
10:36:46.536 [main] INFO  Actions.Flipkart_Actions - Trying to find elementPROCESSOR BRAND
10:36:47.077 [main] INFO  FunctionalLibrary.FlipkartLandingPage - Snapdragon Is selecting.
10:36:47.106 [main] INFO  Actions.Flipkart_Actions - Trying to find elementSnapdragon
10:44:57.586 [main] INFO  LandingPage.LandingPageTest - Browser is initializing.
10:44:59.955 [main] INFO  FunctionalLibrary.FlipkartLandingPage - Autosuggestive popup is available.
10:44:59.956 [main] INFO  FunctionalLibrary.FlipkartLandingPage - Enterin the textSamsung Mobile
10:45:00.580 [main] INFO  FunctionalLibrary.FlipkartLandingPage - Samsung Mobile is selected.
10:45:05.245 [main] INFO  FunctionalLibrary.FlipkartLandingPage - ?10000 is Maximum price is selecting.
10:45:05.974 [main] INFO  FunctionalLibrary.FlipkartLandingPage -  is selecting.
10:45:06.000 [main] INFO  Actions.Flipkart_Actions - Trying to find element
10:45:06.978 [main] INFO  FunctionalLibrary.FlipkartLandingPage - PROCESSOR BRAND is Selecting
10:45:07.009 [main] INFO  Actions.Flipkart_Actions - Trying to find elementPROCESSOR BRAND
10:46:57.872 [main] INFO  LandingPage.LandingPageTest - Browser is initializing.
10:46:58.134 [main] INFO  FunctionalLibrary.FlipkartLandingPage - Autosuggestive popup is available.
10:46:58.134 [main] INFO  FunctionalLibrary.FlipkartLandingPage - Enterin the textSamsung Mobile
10:46:58.502 [main] INFO  FunctionalLibrary.FlipkartLandingPage - Samsung Mobile is selected.
10:46:59.708 [main] INFO  FunctionalLibrary.FlipkartLandingPage - ?10000 is Maximum price is selecting.
10:47:00.508 [main] INFO  FunctionalLibrary.FlipkartLandingPage -  is selecting.
10:47:00.758 [main] INFO  Actions.Flipkart_Actions - Trying to find element
10:47:01.267 [main] INFO  FunctionalLibrary.FlipkartLandingPage - PROCESSOR BRAND is Selecting
10:47:01.300 [main] INFO  Actions.Flipkart_Actions - Trying to find elementPROCESSOR BRAND
10:47:01.717 [main] INFO  FunctionalLibrary.FlipkartLandingPage - Snapdragon Is selecting.
10:47:01.775 [main] INFO  Actions.Flipkart_Actions - Trying to find elementSnapdragon
10:56:33.777 [main] INFO  LandingPage.LandingPageTest - Browser is initializing.
10:56:34.228 [main] INFO  FunctionalLibrary.FlipkartLandingPage - Autosuggestive popup is available.
10:56:34.228 [main] INFO  FunctionalLibrary.FlipkartLandingPage - Enterin the textSamsung Mobile
10:56:34.529 [main] INFO  FunctionalLibrary.FlipkartLandingPage - Samsung Mobile is selected.
10:56:36.706 [main] INFO  FunctionalLibrary.FlipkartLandingPage - ?10000 is Maximum price is selecting.
10:56:37.350 [main] INFO  FunctionalLibrary.FlipkartLandingPage -  is selecting.
10:56:37.801 [main] INFO  Actions.Flipkart_Actions - Trying to find element
10:56:38.100 [main] INFO  FunctionalLibrary.FlipkartLandingPage - PROCESSOR BRAND is Selecting
10:56:38.264 [main] INFO  Actions.Flipkart_Actions - Trying to find elementPROCESSOR BRAND
10:56:38.519 [main] INFO  FunctionalLibrary.FlipkartLandingPage - Snapdragon Is selecting.
10:56:38.564 [main] INFO  Actions.Flipkart_Actions - Trying to find elementSnapdragon
11:04:49.013 [main] INFO  LandingPage.LandingPageTest - Browser is initializing.
11:04:49.415 [main] INFO  FunctionalLibrary.FlipkartLandingPage - Autosuggestive popup is available.
11:04:49.415 [main] INFO  FunctionalLibrary.FlipkartLandingPage - Enterin the textSamsung Mobile
11:04:49.685 [main] INFO  FunctionalLibrary.FlipkartLandingPage - Samsung Mobile is selected.
11:04:51.060 [main] INFO  FunctionalLibrary.FlipkartLandingPage - ?10000 is Maximum price is selecting.
11:04:51.722 [main] INFO  FunctionalLibrary.FlipkartLandingPage -  is selecting.
11:04:51.849 [main] INFO  Actions.Flipkart_Actions - Trying to find element
11:04:52.366 [main] INFO  FunctionalLibrary.FlipkartLandingPage - PROCESSOR BRAND is Selecting
11:04:52.413 [main] INFO  Actions.Flipkart_Actions - Trying to find elementPROCESSOR BRAND
11:04:52.897 [main] INFO  FunctionalLibrary.FlipkartLandingPage - Snapdragon Is selecting.
11:04:52.930 [main] INFO  Actions.Flipkart_Actions - Trying to find elementSnapdragon
11:10:19.236 [main] INFO  LandingPage.LandingPageTest - Browser is initializing.
11:10:19.631 [main] INFO  FunctionalLibrary.FlipkartLandingPage - Autosuggestive popup is available.
11:10:19.631 [main] INFO  FunctionalLibrary.FlipkartLandingPage - Enterin the textSamsung Mobile
11:10:19.928 [main] INFO  FunctionalLibrary.FlipkartLandingPage - Samsung Mobile is selected.
11:10:21.608 [main] INFO  FunctionalLibrary.FlipkartLandingPage - ?10000 is Maximum price is selecting.
11:10:22.504 [main] INFO  FunctionalLibrary.FlipkartLandingPage -  is selecting.
11:10:22.696 [main] INFO  Actions.Flipkart_Actions - Trying to find element
11:10:22.991 [main] INFO  FunctionalLibrary.FlipkartLandingPage - PROCESSOR BRAND is Selecting
11:10:23.016 [main] INFO  Actions.Flipkart_Actions - Trying to find elementPROCESSOR BRAND
11:10:23.222 [main] INFO  FunctionalLibrary.FlipkartLandingPage - Snapdragon Is selecting.
11:10:23.253 [main] INFO  Actions.Flipkart_Actions - Trying to find elementSnapdragon
11:14:12.854 [main] INFO  LandingPage.LandingPageTest - Browser is initializing.
11:14:13.689 [main] INFO  FunctionalLibrary.FlipkartLandingPage - Autosuggestive popup is available.
11:14:13.690 [main] INFO  FunctionalLibrary.FlipkartLandingPage - Enterin the textSamsung Mobile
11:14:14.002 [main] INFO  FunctionalLibrary.FlipkartLandingPage - Samsung Mobile is selected.
11:14:15.735 [main] INFO  FunctionalLibrary.FlipkartLandingPage - ?10000 is Maximum price is selecting.
11:14:16.570 [main] INFO  FunctionalLibrary.FlipkartLandingPage -  is selecting.
11:14:16.595 [main] INFO  Actions.Flipkart_Actions - Trying to find element
11:14:17.251 [main] INFO  FunctionalLibrary.FlipkartLandingPage - PROCESSOR BRAND is Selecting
11:14:17.273 [main] INFO  Actions.Flipkart_Actions - Trying to find elementPROCESSOR BRAND
11:14:17.509 [main] INFO  FunctionalLibrary.FlipkartLandingPage - Snapdragon Is selecting.
11:14:17.534 [main] INFO  Actions.Flipkart_Actions - Trying to find elementSnapdragon
11:16:09.886 [main] INFO  LandingPage.LandingPageTest - Browser is initializing.
11:16:10.287 [main] INFO  FunctionalLibrary.FlipkartLandingPage - Autosuggestive popup is available.
11:16:10.287 [main] INFO  FunctionalLibrary.FlipkartLandingPage - Enterin the textSamsung Mobile
11:16:10.920 [main] INFO  FunctionalLibrary.FlipkartLandingPage - Samsung Mobile is selected.
11:16:12.187 [main] INFO  FunctionalLibrary.FlipkartLandingPage - ?10000 is Maximum price is selecting.
11:16:12.858 [main] INFO  FunctionalLibrary.FlipkartLandingPage -  is selecting.
11:16:13.181 [main] INFO  Actions.Flipkart_Actions - Trying to find element
11:16:13.812 [main] INFO  FunctionalLibrary.FlipkartLandingPage - PROCESSOR BRAND is Selecting
11:16:13.837 [main] INFO  Actions.Flipkart_Actions - Trying to find elementPROCESSOR BRAND
11:16:14.112 [main] INFO  FunctionalLibrary.FlipkartLandingPage - Snapdragon Is selecting.
11:16:14.142 [main] INFO  Actions.Flipkart_Actions - Trying to find elementSnapdragon
11:21:36.052 [main] INFO  LandingPage.LandingPageTest - Browser is initializing.
11:21:36.916 [main] INFO  FunctionalLibrary.FlipkartLandingPage - Autosuggestive popup is available.
11:21:36.916 [main] INFO  FunctionalLibrary.FlipkartLandingPage - Enterin the textSamsung Mobile
11:21:37.149 [main] INFO  FunctionalLibrary.FlipkartLandingPage - Samsung Mobile is selected.
11:21:38.418 [main] INFO  FunctionalLibrary.FlipkartLandingPage - ?10000 is Maximum price is selecting.
11:21:39.059 [main] INFO  FunctionalLibrary.FlipkartLandingPage -  is selecting.
11:21:39.079 [main] INFO  Actions.Flipkart_Actions - Trying to find element
11:21:39.678 [main] INFO  FunctionalLibrary.FlipkartLandingPage - PROCESSOR BRAND is Selecting
11:21:39.704 [main] INFO  Actions.Flipkart_Actions - Trying to find elementPROCESSOR BRAND
11:21:40.220 [main] INFO  FunctionalLibrary.FlipkartLandingPage - Snapdragon Is selecting.
11:21:40.246 [main] INFO  Actions.Flipkart_Actions - Trying to find elementSnapdragon
11:24:22.364 [main] INFO  LandingPage.LandingPageTest - Browser is initializing.
11:24:27.027 [main] INFO  FunctionalLibrary.FlipkartLandingPage - Autosuggestive popup is available.
11:24:27.027 [main] INFO  FunctionalLibrary.FlipkartLandingPage - Enterin the textSamsung Mobile
11:24:27.354 [main] INFO  FunctionalLibrary.FlipkartLandingPage - Samsung Mobile is selected.
11:24:29.451 [main] INFO  FunctionalLibrary.FlipkartLandingPage - ?10000 is Maximum price is selecting.
11:24:30.219 [main] INFO  FunctionalLibrary.FlipkartLandingPage -  is selecting.
11:24:30.355 [main] INFO  Actions.Flipkart_Actions - Trying to find element
11:24:30.693 [main] INFO  FunctionalLibrary.FlipkartLandingPage - PROCESSOR BRAND is Selecting
11:24:30.808 [main] INFO  Actions.Flipkart_Actions - Trying to find elementPROCESSOR BRAND
11:24:31.158 [main] INFO  FunctionalLibrary.FlipkartLandingPage - Snapdragon Is selecting.
11:24:31.184 [main] INFO  Actions.Flipkart_Actions - Trying to find elementSnapdragon
11:29:50.612 [main] INFO  LandingPage.LandingPageTest - Browser is initializing.
11:29:59.442 [main] INFO  FunctionalLibrary.FlipkartLandingPage - Autosuggestive popup is available.
11:29:59.443 [main] INFO  FunctionalLibrary.FlipkartLandingPage - Enterin the textSamsung Mobile
11:29:59.899 [main] INFO  FunctionalLibrary.FlipkartLandingPage - Samsung Mobile is selected.
11:30:04.871 [main] INFO  FunctionalLibrary.FlipkartLandingPage - ?10000 is Maximum price is selecting.
11:30:05.645 [main] INFO  FunctionalLibrary.FlipkartLandingPage -  is selecting.
11:30:05.672 [main] INFO  Actions.Flipkart_Actions - Trying to find element
11:30:06.211 [main] INFO  FunctionalLibrary.FlipkartLandingPage - PROCESSOR BRAND is Selecting
11:30:06.238 [main] INFO  Actions.Flipkart_Actions - Trying to find elementPROCESSOR BRAND
11:30:06.681 [main] INFO  FunctionalLibrary.FlipkartLandingPage - Snapdragon Is selecting.
11:30:06.705 [main] INFO  Actions.Flipkart_Actions - Trying to find elementSnapdragon
11:37:47.905 [main] INFO  LandingPage.LandingPageTest - Browser is initializing.
11:37:51.362 [main] INFO  FunctionalLibrary.FlipkartLandingPage - Autosuggestive popup is available.
11:37:51.362 [main] INFO  FunctionalLibrary.FlipkartLandingPage - Enterin the textSamsung Mobile
11:37:51.715 [main] INFO  FunctionalLibrary.FlipkartLandingPage - Samsung Mobile is selected.
11:37:53.528 [main] INFO  FunctionalLibrary.FlipkartLandingPage - ?10000 is Maximum price is selecting.
11:37:54.016 [main] INFO  FunctionalLibrary.FlipkartLandingPage -  is selecting.
11:37:54.044 [main] INFO  Actions.Flipkart_Actions - Trying to find element
11:37:54.615 [main] INFO  FunctionalLibrary.FlipkartLandingPage - PROCESSOR BRAND is Selecting
11:37:54.646 [main] INFO  Actions.Flipkart_Actions - Trying to find elementPROCESSOR BRAND
11:37:55.152 [main] INFO  FunctionalLibrary.FlipkartLandingPage - Snapdragon Is selecting.
11:37:55.175 [main] INFO  Actions.Flipkart_Actions - Trying to find elementSnapdragon
11:40:12.183 [main] INFO  LandingPage.LandingPageTest - Browser is initializing.
11:40:17.531 [main] INFO  FunctionalLibrary.FlipkartLandingPage - Autosuggestive popup is available.
11:40:17.532 [main] INFO  FunctionalLibrary.FlipkartLandingPage - Enterin the textSamsung Mobile
11:40:17.879 [main] INFO  FunctionalLibrary.FlipkartLandingPage - Samsung Mobile is selected.
11:40:19.993 [main] INFO  FunctionalLibrary.FlipkartLandingPage - ?10000 is Maximum price is selecting.
11:40:20.910 [main] INFO  FunctionalLibrary.FlipkartLandingPage -  is selecting.
11:40:20.938 [main] INFO  Actions.Flipkart_Actions - Trying to find element
11:40:21.553 [main] INFO  FunctionalLibrary.FlipkartLandingPage - PROCESSOR BRAND is Selecting
11:40:21.584 [main] INFO  Actions.Flipkart_Actions - Trying to find elementPROCESSOR BRAND
11:40:22.034 [main] INFO  FunctionalLibrary.FlipkartLandingPage - Snapdragon Is selecting.
11:40:22.059 [main] INFO  Actions.Flipkart_Actions - Trying to find elementSnapdragon
11:49:14.380 [main] INFO  LandingPage.LandingPageTest - Browser is initializing.
11:49:14.649 [main] INFO  FunctionalLibrary.FlipkartLandingPage - Autosuggestive popup is available.
11:49:14.649 [main] INFO  FunctionalLibrary.FlipkartLandingPage - Enterin the textSamsung Mobile
11:49:14.878 [main] INFO  FunctionalLibrary.FlipkartLandingPage - Samsung Mobile is selected.
11:49:16.323 [main] INFO  FunctionalLibrary.FlipkartLandingPage - ?10000 is Maximum price is selecting.
11:49:17.023 [main] INFO  FunctionalLibrary.FlipkartLandingPage -  is selecting.
11:49:17.132 [main] INFO  Actions.Flipkart_Actions - Trying to find element
11:49:17.874 [main] INFO  FunctionalLibrary.FlipkartLandingPage - PROCESSOR BRAND is Selecting
11:49:17.911 [main] INFO  Actions.Flipkart_Actions - Trying to find elementPROCESSOR BRAND
11:49:18.316 [main] INFO  FunctionalLibrary.FlipkartLandingPage - Snapdragon Is selecting.
11:49:18.352 [main] INFO  Actions.Flipkart_Actions - Trying to find elementSnapdragon
11:51:03.388 [main] INFO  LandingPage.LandingPageTest - Browser is initializing.
11:51:04.302 [main] INFO  FunctionalLibrary.FlipkartLandingPage - Autosuggestive popup is available.
11:51:04.303 [main] INFO  FunctionalLibrary.FlipkartLandingPage - Enterin the textSamsung Mobile
11:51:04.682 [main] INFO  FunctionalLibrary.FlipkartLandingPage - Samsung Mobile is selected.
11:51:06.523 [main] INFO  FunctionalLibrary.FlipkartLandingPage - ?10000 is Maximum price is selecting.
11:51:07.336 [main] INFO  FunctionalLibrary.FlipkartLandingPage -  is selecting.
11:51:07.370 [main] INFO  Actions.Flipkart_Actions - Trying to find element
11:51:08.101 [main] INFO  FunctionalLibrary.FlipkartLandingPage - PROCESSOR BRAND is Selecting
11:51:08.145 [main] INFO  Actions.Flipkart_Actions - Trying to find elementPROCESSOR BRAND
11:51:08.742 [main] INFO  FunctionalLibrary.FlipkartLandingPage - Snapdragon Is selecting.
11:51:08.778 [main] INFO  Actions.Flipkart_Actions - Trying to find elementSnapdragon
11:54:41.629 [main] INFO  LandingPage.LandingPageTest - Browser is initializing.
11:54:45.414 [main] INFO  FunctionalLibrary.FlipkartLandingPage - Autosuggestive popup is available.
11:54:45.414 [main] INFO  FunctionalLibrary.FlipkartLandingPage - Enterin the textSamsung Mobile
11:54:45.704 [main] INFO  FunctionalLibrary.FlipkartLandingPage - Samsung Mobile is selected.
11:54:49.192 [main] INFO  FunctionalLibrary.FlipkartLandingPage - ?10000 is Maximum price is selecting.
11:54:50.179 [main] INFO  FunctionalLibrary.FlipkartLandingPage -  is selecting.
11:54:50.315 [main] INFO  Actions.Flipkart_Actions - Trying to find element
11:54:50.925 [main] INFO  FunctionalLibrary.FlipkartLandingPage - PROCESSOR BRAND is Selecting
11:54:50.960 [main] INFO  Actions.Flipkart_Actions - Trying to find elementPROCESSOR BRAND
11:54:51.484 [main] INFO  FunctionalLibrary.FlipkartLandingPage - Snapdragon Is selecting.
11:54:51.507 [main] INFO  Actions.Flipkart_Actions - Trying to find elementSnapdragon
17:58:08.965 [main] INFO  LandingPage.LandingPageTest - Browser is initializing.
17:58:34.817 [main] INFO  FunctionalLibrary.FlipkartLandingPage - Autosuggestive popup is not available.
17:58:34.818 [main] INFO  FunctionalLibrary.FlipkartLandingPage - Enterin the textSamsung Mobile
17:58:51.454 [main] INFO  LandingPage.LandingPageTest - Browser is initializing.
17:58:51.671 [main] INFO  FunctionalLibrary.FlipkartLandingPage - Autosuggestive popup is available.
17:58:51.671 [main] INFO  FunctionalLibrary.FlipkartLandingPage - Enterin the textSamsung Mobile
17:58:52.000 [main] INFO  FunctionalLibrary.FlipkartLandingPage - Samsung Mobile is selected.
17:58:53.769 [main] INFO  FunctionalLibrary.FlipkartLandingPage - ?10000 is Maximum price is selecting.
17:58:54.372 [main] INFO  FunctionalLibrary.FlipkartLandingPage -  is selecting.
17:58:54.571 [main] INFO  Actions.Flipkart_Actions - Trying to find element
17:58:55.142 [main] INFO  FunctionalLibrary.FlipkartLandingPage - PROCESSOR BRAND is Selecting
17:58:55.174 [main] INFO  Actions.Flipkart_Actions - Trying to find elementPROCESSOR BRAND
17:58:55.719 [main] INFO  FunctionalLibrary.FlipkartLandingPage - Snapdragon Is selecting.
17:58:55.747 [main] INFO  Actions.Flipkart_Actions - Trying to find elementSnapdragon
18:12:10.708 [main] INFO  LandingPage.LandingPageTest - Browser is initializing.
18:12:10.994 [main] INFO  FunctionalLibrary.FlipkartLandingPage - Autosuggestive popup is available.
18:12:10.994 [main] INFO  FunctionalLibrary.FlipkartLandingPage - Enterin the textSamsung Mobile
18:12:13.189 [main] INFO  FunctionalLibrary.FlipkartLandingPage - Samsung Mobile is selected.
18:12:16.211 [main] INFO  FunctionalLibrary.FlipkartLandingPage - ?10000 is Maximum price is selecting.
18:12:16.890 [main] INFO  FunctionalLibrary.FlipkartLandingPage -  is selecting.
18:12:16.983 [main] INFO  Actions.Flipkart_Actions - Trying to find element
18:12:17.502 [main] INFO  FunctionalLibrary.FlipkartLandingPage - PROCESSOR BRAND is Selecting
18:12:17.540 [main] INFO  Actions.Flipkart_Actions - Trying to find elementPROCESSOR BRAND
18:12:18.083 [main] INFO  FunctionalLibrary.FlipkartLandingPage - Snapdragon Is selecting.
18:12:18.118 [main] INFO  Actions.Flipkart_Actions - Trying to find elementSnapdragon
18:13:31.098 [main] INFO  LandingPage.LandingPageTest - Browser is initializing.
18:13:31.437 [main] INFO  FunctionalLibrary.FlipkartLandingPage - Autosuggestive popup is available.
18:13:31.438 [main] INFO  FunctionalLibrary.FlipkartLandingPage - Enterin the textSamsung Mobile
18:13:34.364 [main] INFO  FunctionalLibrary.FlipkartLandingPage - Samsung Mobile is selected.
18:13:36.972 [main] INFO  FunctionalLibrary.FlipkartLandingPage - ?10000 is Maximum price is selecting.
18:13:37.596 [main] INFO  FunctionalLibrary.FlipkartLandingPage -  is selecting.
18:13:39.623 [main] INFO  Actions.Flipkart_Actions - Trying to find element
18:13:40.957 [main] INFO  FunctionalLibrary.FlipkartLandingPage - PROCESSOR BRAND is Selecting
18:13:40.991 [main] INFO  Actions.Flipkart_Actions - Trying to find elementPROCESSOR BRAND
18:15:03.879 [main] INFO  LandingPage.LandingPageTest - Browser is initializing.
18:15:04.393 [main] INFO  FunctionalLibrary.FlipkartLandingPage - Autosuggestive popup is available.
18:15:04.393 [main] INFO  FunctionalLibrary.FlipkartLandingPage - Enterin the textSamsung Mobile
18:15:04.657 [main] INFO  FunctionalLibrary.FlipkartLandingPage - Samsung Mobile is selected.
18:15:07.793 [main] INFO  FunctionalLibrary.FlipkartLandingPage - ?10000 is Maximum price is selecting.
18:15:08.548 [main] INFO  FunctionalLibrary.FlipkartLandingPage -  is selecting.
18:15:10.579 [main] INFO  Actions.Flipkart_Actions - Trying to find element
18:15:10.968 [main] INFO  FunctionalLibrary.FlipkartLandingPage - PROCESSOR BRAND is Selecting
18:15:10.997 [main] INFO  Actions.Flipkart_Actions - Trying to find elementPROCESSOR BRAND
18:15:11.531 [main] INFO  FunctionalLibrary.FlipkartLandingPage - Snapdragon Is selecting.
18:15:11.558 [main] INFO  Actions.Flipkart_Actions - Trying to find elementSnapdragon
18:26:05.776 [main] INFO  LandingPage.LandingPageTest - Browser is initializing.
18:26:06.219 [main] INFO  FunctionalLibrary.FlipkartLandingPage - Autosuggestive popup is available.
18:26:06.220 [main] INFO  FunctionalLibrary.FlipkartLandingPage - Enterin the textSamsung Mobile
18:26:07.849 [main] INFO  FunctionalLibrary.FlipkartLandingPage - Samsung Mobile is selected.
18:26:13.915 [main] INFO  FunctionalLibrary.FlipkartLandingPage - ?10000 is Maximum price is selecting.
18:26:14.409 [main] INFO  FunctionalLibrary.FlipkartLandingPage -  is selecting.
18:26:16.524 [main] INFO  Actions.Flipkart_Actions - Trying to find element
18:26:16.987 [main] INFO  FunctionalLibrary.FlipkartLandingPage - PROCESSOR BRAND is Selecting
18:26:17.049 [main] INFO  Actions.Flipkart_Actions - Trying to find elementPROCESSOR BRAND
18:26:17.275 [main] INFO  FunctionalLibrary.FlipkartLandingPage - Snapdragon Is selecting.
18:26:17.305 [main] INFO  Actions.Flipkart_Actions - Trying to find elementSnapdragon
09:47:19.670 [main] INFO  LandingPage.LandingPageTest - Browser is initializing.
09:47:20.542 [main] INFO  FunctionalLibrary.FlipkartLandingPage - Autosuggestive popup is available.
09:47:20.542 [main] INFO  FunctionalLibrary.FlipkartLandingPage - Enterin the textSamsung Mobile
09:47:20.877 [main] INFO  FunctionalLibrary.FlipkartLandingPage - Samsung Mobile is selected.
09:47:24.388 [main] INFO  FunctionalLibrary.FlipkartLandingPage - ?10000 is Maximum price is selecting.
09:47:24.988 [main] INFO  FunctionalLibrary.FlipkartLandingPage -  is selecting.
09:47:27.017 [main] INFO  Actions.Flipkart_Actions - Trying to find element
09:47:27.478 [main] INFO  FunctionalLibrary.FlipkartLandingPage - PROCESSOR BRAND is Selecting
09:47:27.525 [main] INFO  Actions.Flipkart_Actions - Trying to find elementPROCESSOR BRAND
09:47:29.371 [main] INFO  FunctionalLibrary.FlipkartLandingPage - Snapdragon Is selecting.
09:47:29.396 [main] INFO  Actions.Flipkart_Actions - Trying to find elementSnapdragon
11:16:27.379 [main] INFO  LandingPage.LandingPageTest - Browser is initializing.
11:16:28.081 [main] INFO  FunctionalLibrary.FlipkartLandingPage - Autosuggestive popup is available.
11:16:28.081 [main] INFO  FunctionalLibrary.FlipkartLandingPage - Enterin the textSamsung Mobile
11:16:28.432 [main] INFO  FunctionalLibrary.FlipkartLandingPage - Samsung Mobile is selected.
11:16:31.867 [main] INFO  FunctionalLibrary.FlipkartLandingPage - ?10000 is Maximum price is selecting.
11:16:32.472 [main] INFO  FunctionalLibrary.FlipkartLandingPage -  is selecting.
11:16:34.505 [main] INFO  Actions.Flipkart_Actions - Trying to find element
11:16:34.819 [main] INFO  FunctionalLibrary.FlipkartLandingPage - PROCESSOR BRAND is Selecting
11:16:34.854 [main] INFO  Actions.Flipkart_Actions - Trying to find elementPROCESSOR BRAND
11:16:35.483 [main] INFO  FunctionalLibrary.FlipkartLandingPage - Snapdragon Is selecting.
11:16:35.531 [main] INFO  Actions.Flipkart_Actions - Trying to find elementSnapdragon
11:23:39.909 [main] INFO  LandingPage.LandingPageTest - Browser is initializing.
11:23:43.840 [main] INFO  FunctionalLibrary.FlipkartLandingPage - Autosuggestive popup is available.
11:23:43.841 [main] INFO  FunctionalLibrary.FlipkartLandingPage - Enterin the textSamsung Mobile
11:23:44.338 [main] INFO  FunctionalLibrary.FlipkartLandingPage - Samsung Mobile is selected.
11:23:47.411 [main] INFO  FunctionalLibrary.FlipkartLandingPage - ?10000 is Maximum price is selecting.
11:23:48.722 [main] INFO  FunctionalLibrary.FlipkartLandingPage -  is selecting.
11:23:50.796 [main] INFO  Actions.Flipkart_Actions - Trying to find element
11:23:51.453 [main] INFO  FunctionalLibrary.FlipkartLandingPage - PROCESSOR BRAND is Selecting
11:23:51.479 [main] INFO  Actions.Flipkart_Actions - Trying to find elementPROCESSOR BRAND
11:23:52.234 [main] INFO  FunctionalLibrary.FlipkartLandingPage - Snapdragon Is selecting.
11:23:52.416 [main] INFO  Actions.Flipkart_Actions - Trying to find elementSnapdragon
13:43:07.916 [main] INFO  LandingPage.LandingPageTest - Browser is initializing.
13:43:09.757 [main] INFO  FunctionalLibrary.FlipkartLandingPage - Autosuggestive popup is available.
13:43:09.757 [main] INFO  FunctionalLibrary.FlipkartLandingPage - Enterin the textSamsung Mobile
13:43:10.318 [main] INFO  FunctionalLibrary.FlipkartLandingPage - Samsung Mobile is selected.
13:43:13.252 [main] INFO  FunctionalLibrary.FlipkartLandingPage - ?10000 is Maximum price is selecting.
13:43:14.522 [main] INFO  FunctionalLibrary.FlipkartLandingPage -  is selecting.
13:43:16.550 [main] INFO  Actions.Flipkart_Actions - Trying to find element
13:43:16.862 [main] INFO  FunctionalLibrary.FlipkartLandingPage - PROCESSOR BRAND is Selecting
13:43:16.892 [main] INFO  Actions.Flipkart_Actions - Trying to find elementPROCESSOR BRAND
13:43:17.422 [main] INFO  FunctionalLibrary.FlipkartLandingPage - Snapdragon Is selecting.
13:43:17.451 [main] INFO  Actions.Flipkart_Actions - Trying to find elementSnapdragon
